-------------------------------------------------------------------------------
Test set: net.javaguides.springboot.SpringBootApplicationTests
-------------------------------------------------------------------------------
Tests run: 1, Failures: 0, Errors: 1, Skipped: 0, Time elapsed: 0.475 s <<< FAILURE! - in net.javaguides.springboot.SpringBootApplicationTests
net.javaguides.springboot.SpringBootApplicationTests  Time elapsed: 0.471 s  <<< ERROR!
java.lang.IllegalStateException: Unable to find a @SpringBootConfiguration, you need to use @ContextConfiguration or @SpringBootTest(classes=...) with your test

